<?xml version="1.0" encoding="UTF-8"?>
<!-- Generated by org.testng.reporters.JUnitXMLReporter -->
<testsuite hostname="LN0C5772E6454B" name="Default test" tests="1" failures="0" timestamp="4 Jul 2018 16:08:19 GMT" time="0.048" errors="0">
  <testcase name="@BeforeTest beforeTest" time="0.0" classname="executeTestMultipleEnv.EnvironmentTest">
    <failure type="org.testng.TestNGException" message="
Parameter &amp;apos;environment&amp;apos; is required by @Configuration on method beforeTest but has not been marked @Optional or defined
in C:\Users\ahoss1\AppData\Local\Temp\1\testng-eclipse--684514663\testng-customsuite.xml">
      <![CDATA[org.testng.TestNGException: 
Parameter 'environment' is required by @Configuration on method beforeTest but has not been marked @Optional or defined
in C:\Users\ahoss1\AppData\Local\Temp\1\testng-eclipse--684514663\testng-customsuite.xml
	at org.testng.internal.Parameters.createParameters(Parameters.java:155)
	at org.testng.internal.Parameters.createParameters(Parameters.java:355)
	at org.testng.internal.Parameters.createConfigurationParameters(Parameters.java:86)
	at org.testng.internal.Invoker.invokeConfigurations(Invoker.java:199)
	at org.testng.internal.Invoker.invokeConfigurations(Invoker.java:138)
	at org.testng.TestRunner.beforeRun(TestRunner.java:641)
	at org.testng.TestRunner.run(TestRunner.java:609)
	at org.testng.SuiteRunner.runTest(SuiteRunner.java:334)
	at org.testng.SuiteRunner.runSequentially(SuiteRunner.java:329)
	at org.testng.SuiteRunner.privateRun(SuiteRunner.java:291)
	at org.testng.SuiteRunner.run(SuiteRunner.java:240)
	at org.testng.SuiteRunnerWorker.runSuite(SuiteRunnerWorker.java:52)
	at org.testng.SuiteRunnerWorker.run(SuiteRunnerWorker.java:86)
	at org.testng.TestNG.runSuitesSequentially(TestNG.java:1198)
	at org.testng.TestNG.runSuitesLocally(TestNG.java:1123)
	at org.testng.TestNG.run(TestNG.java:1031)
	at org.testng.remote.AbstractRemoteTestNG.run(AbstractRemoteTestNG.java:114)
	at org.testng.remote.RemoteTestNG.initAndRun(RemoteTestNG.java:251)
	at org.testng.remote.RemoteTestNG.main(RemoteTestNG.java:77)
]]>
    </failure>
  </testcase> <!-- @BeforeTest beforeTest -->
  <testcase name="functionalTest" time="0.01" classname="executeTestMultipleEnv.EnvironmentTest">
    <skipped/>
  </testcase> <!-- functionalTest -->
</testsuite> <!-- Default test -->
